This is pdfTeX, Version 3.1415926-2.5-1.40.14 (MiKTeX 2.9 64-bit) (preloaded format=pdflatex 2014.2.1)  31 MAR 2016 18:01
entering extended mode
**FinalPaperBlueStream.tex

("C:\Users\Ziqiao Charlie Li\Dropbox\PythonFileServer\Report\FinalPaperBlueStre
am.tex"
LaTeX2e <2011/06/27>
Babel <v3.8m> and hyphenation patterns for english, afrikaans, ancientgreek, ar
abic, armenian, assamese, basque, bengali, bokmal, bulgarian, catalan, coptic, 
croatian, czech, danish, dutch, esperanto, estonian, farsi, finnish, french, ga
lician, german, german-x-2013-05-26, greek, gujarati, hindi, hungarian, iceland
ic, indonesian, interlingua, irish, italian, kannada, kurmanji, latin, latvian,
 lithuanian, malayalam, marathi, mongolian, mongolianlmc, monogreek, ngerman, n
german-x-2013-05-26, nynorsk, oriya, panjabi, pinyin, polish, portuguese, roman
ian, russian, sanskrit, serbian, slovak, slovenian, spanish, swedish, swissgerm
an, tamil, telugu, turkish, turkmen, ukenglish, ukrainian, uppersorbian, usengl
ishmax, welsh, loaded.
("C:\Program Files\MiKTeX 2.9\tex\latex\base\article.cls"
Document Class: article 2007/10/19 v1.4h Standard LaTeX document class
("C:\Program Files\MiKTeX 2.9\tex\latex\base\size12.clo"
File: size12.clo 2007/10/19 v1.4h Standard LaTeX file (size option)
)
\c@part=\count79
\c@section=\count80
\c@subsection=\count81
\c@subsubsection=\count82
\c@paragraph=\count83
\c@subparagraph=\count84
\c@figure=\count85
\c@table=\count86
\abovecaptionskip=\skip41
\belowcaptionskip=\skip42
\bibindent=\dimen102
)
("C:\Program Files\MiKTeX 2.9\tex\latex\base\inputenc.sty"
Package: inputenc 2008/03/30 v1.1d Input encoding file
\inpenc@prehook=\toks14
\inpenc@posthook=\toks15

("C:\Program Files\MiKTeX 2.9\tex\latex\base\utf8.def"
File: utf8.def 2008/04/05 v1.1m UTF-8 support for inputenc
Now handling font encoding OML ...
... no UTF-8 mapping file for font encoding OML
Now handling font encoding T1 ...
... processing UTF-8 mapping file for font encoding T1

("C:\Program Files\MiKTeX 2.9\tex\latex\base\t1enc.dfu"
File: t1enc.dfu 2008/04/05 v1.1m UTF-8 support for inputenc
   defining Unicode char U+00A1 (decimal 161)
   defining Unicode char U+00A3 (decimal 163)
   defining Unicode char U+00AB (decimal 171)
   defining Unicode char U+00BB (decimal 187)
   defining Unicode char U+00BF (decimal 191)
   defining Unicode char U+00C0 (decimal 192)
   defining Unicode char U+00C1 (decimal 193)
   defining Unicode char U+00C2 (decimal 194)
   defining Unicode char U+00C3 (decimal 195)
   defining Unicode char U+00C4 (decimal 196)
   defining Unicode char U+00C5 (decimal 197)
   defining Unicode char U+00C6 (decimal 198)
   defining Unicode char U+00C7 (decimal 199)
   defining Unicode char U+00C8 (decimal 200)
   defining Unicode char U+00C9 (decimal 201)
   defining Unicode char U+00CA (decimal 202)
   defining Unicode char U+00CB (decimal 203)
   defining Unicode char U+00CC (decimal 204)
   defining Unicode char U+00CD (decimal 205)
   defining Unicode char U+00CE (decimal 206)
   defining Unicode char U+00CF (decimal 207)
   defining Unicode char U+00D0 (decimal 208)
   defining Unicode char U+00D1 (decimal 209)
   defining Unicode char U+00D2 (decimal 210)
   defining Unicode char U+00D3 (decimal 211)
   defining Unicode char U+00D4 (decimal 212)
   defining Unicode char U+00D5 (decimal 213)
   defining Unicode char U+00D6 (decimal 214)
   defining Unicode char U+00D8 (decimal 216)
   defining Unicode char U+00D9 (decimal 217)
   defining Unicode char U+00DA (decimal 218)
   defining Unicode char U+00DB (decimal 219)
   defining Unicode char U+00DC (decimal 220)
   defining Unicode char U+00DD (decimal 221)
   defining Unicode char U+00DE (decimal 222)
   defining Unicode char U+00DF (decimal 223)
   defining Unicode char U+00E0 (decimal 224)
   defining Unicode char U+00E1 (decimal 225)
   defining Unicode char U+00E2 (decimal 226)
   defining Unicode char U+00E3 (decimal 227)
   defining Unicode char U+00E4 (decimal 228)
   defining Unicode char U+00E5 (decimal 229)
   defining Unicode char U+00E6 (decimal 230)
   defining Unicode char U+00E7 (decimal 231)
   defining Unicode char U+00E8 (decimal 232)
   defining Unicode char U+00E9 (decimal 233)
   defining Unicode char U+00EA (decimal 234)
   defining Unicode char U+00EB (decimal 235)
   defining Unicode char U+00EC (decimal 236)
   defining Unicode char U+00ED (decimal 237)
   defining Unicode char U+00EE (decimal 238)
   defining Unicode char U+00EF (decimal 239)
   defining Unicode char U+00F0 (decimal 240)
   defining Unicode char U+00F1 (decimal 241)
   defining Unicode char U+00F2 (decimal 242)
   defining Unicode char U+00F3 (decimal 243)
   defining Unicode char U+00F4 (decimal 244)
   defining Unicode char U+00F5 (decimal 245)
   defining Unicode char U+00F6 (decimal 246)
   defining Unicode char U+00F8 (decimal 248)
   defining Unicode char U+00F9 (decimal 249)
   defining Unicode char U+00FA (decimal 250)
   defining Unicode char U+00FB (decimal 251)
   defining Unicode char U+00FC (decimal 252)
   defining Unicode char U+00FD (decimal 253)
   defining Unicode char U+00FE (decimal 254)
   defining Unicode char U+00FF (decimal 255)
   defining Unicode char U+0102 (decimal 258)
   defining Unicode char U+0103 (decimal 259)
   defining Unicode char U+0104 (decimal 260)
   defining Unicode char U+0105 (decimal 261)
   defining Unicode char U+0106 (decimal 262)
   defining Unicode char U+0107 (decimal 263)
   defining Unicode char U+010C (decimal 268)
   defining Unicode char U+010D (decimal 269)
   defining Unicode char U+010E (decimal 270)
   defining Unicode char U+010F (decimal 271)
   defining Unicode char U+0110 (decimal 272)
   defining Unicode char U+0111 (decimal 273)
   defining Unicode char U+0118 (decimal 280)
   defining Unicode char U+0119 (decimal 281)
   defining Unicode char U+011A (decimal 282)
   defining Unicode char U+011B (decimal 283)
   defining Unicode char U+011E (decimal 286)
   defining Unicode char U+011F (decimal 287)
   defining Unicode char U+0130 (decimal 304)
   defining Unicode char U+0131 (decimal 305)
   defining Unicode char U+0132 (decimal 306)
   defining Unicode char U+0133 (decimal 307)
   defining Unicode char U+0139 (decimal 313)
   defining Unicode char U+013A (decimal 314)
   defining Unicode char U+013D (decimal 317)
   defining Unicode char U+013E (decimal 318)
   defining Unicode char U+0141 (decimal 321)
   defining Unicode char U+0142 (decimal 322)
   defining Unicode char U+0143 (decimal 323)
   defining Unicode char U+0144 (decimal 324)
   defining Unicode char U+0147 (decimal 327)
   defining Unicode char U+0148 (decimal 328)
   defining Unicode char U+014A (decimal 330)
   defining Unicode char U+014B (decimal 331)
   defining Unicode char U+0150 (decimal 336)
   defining Unicode char U+0151 (decimal 337)
   defining Unicode char U+0152 (decimal 338)
   defining Unicode char U+0153 (decimal 339)
   defining Unicode char U+0154 (decimal 340)
   defining Unicode char U+0155 (decimal 341)
   defining Unicode char U+0158 (decimal 344)
   defining Unicode char U+0159 (decimal 345)
   defining Unicode char U+015A (decimal 346)
   defining Unicode char U+015B (decimal 347)
   defining Unicode char U+015E (decimal 350)
   defining Unicode char U+015F (decimal 351)
   defining Unicode char U+0160 (decimal 352)
   defining Unicode char U+0161 (decimal 353)
   defining Unicode char U+0162 (decimal 354)
   defining Unicode char U+0163 (decimal 355)
   defining Unicode char U+0164 (decimal 356)
   defining Unicode char U+0165 (decimal 357)
   defining Unicode char U+016E (decimal 366)
   defining Unicode char U+016F (decimal 367)
   defining Unicode char U+0170 (decimal 368)
   defining Unicode char U+0171 (decimal 369)
   defining Unicode char U+0178 (decimal 376)
   defining Unicode char U+0179 (decimal 377)
   defining Unicode char U+017A (decimal 378)
   defining Unicode char U+017B (decimal 379)
   defining Unicode char U+017C (decimal 380)
   defining Unicode char U+017D (decimal 381)
   defining Unicode char U+017E (decimal 382)
   defining Unicode char U+200C (decimal 8204)
   defining Unicode char U+2013 (decimal 8211)
   defining Unicode char U+2014 (decimal 8212)
   defining Unicode char U+2018 (decimal 8216)
   defining Unicode char U+2019 (decimal 8217)
   defining Unicode char U+201A (decimal 8218)
   defining Unicode char U+201C (decimal 8220)
   defining Unicode char U+201D (decimal 8221)
   defining Unicode char U+201E (decimal 8222)
   defining Unicode char U+2030 (decimal 8240)
   defining Unicode char U+2031 (decimal 8241)
   defining Unicode char U+2039 (decimal 8249)
   defining Unicode char U+203A (decimal 8250)
   defining Unicode char U+2423 (decimal 9251)
)
Now handling font encoding OT1 ...
... processing UTF-8 mapping file for font encoding OT1

("C:\Program Files\MiKTeX 2.9\tex\latex\base\ot1enc.dfu"
File: ot1enc.dfu 2008/04/05 v1.1m UTF-8 support for inputenc
   defining Unicode char U+00A1 (decimal 161)
   defining Unicode char U+00A3 (decimal 163)
   defining Unicode char U+00B8 (decimal 184)
   defining Unicode char U+00BF (decimal 191)
   defining Unicode char U+00C5 (decimal 197)
   defining Unicode char U+00C6 (decimal 198)
   defining Unicode char U+00D8 (decimal 216)
   defining Unicode char U+00DF (decimal 223)
   defining Unicode char U+00E6 (decimal 230)
   defining Unicode char U+00EC (decimal 236)
   defining Unicode char U+00ED (decimal 237)
   defining Unicode char U+00EE (decimal 238)
   defining Unicode char U+00EF (decimal 239)
   defining Unicode char U+00F8 (decimal 248)
   defining Unicode char U+0131 (decimal 305)
   defining Unicode char U+0141 (decimal 321)
   defining Unicode char U+0142 (decimal 322)
   defining Unicode char U+0152 (decimal 338)
   defining Unicode char U+0153 (decimal 339)
   defining Unicode char U+2013 (decimal 8211)
   defining Unicode char U+2014 (decimal 8212)
   defining Unicode char U+2018 (decimal 8216)
   defining Unicode char U+2019 (decimal 8217)
   defining Unicode char U+201C (decimal 8220)
   defining Unicode char U+201D (decimal 8221)
)
Now handling font encoding OMS ...
... processing UTF-8 mapping file for font encoding OMS

("C:\Program Files\MiKTeX 2.9\tex\latex\base\omsenc.dfu"
File: omsenc.dfu 2008/04/05 v1.1m UTF-8 support for inputenc
   defining Unicode char U+00A7 (decimal 167)
   defining Unicode char U+00B6 (decimal 182)
   defining Unicode char U+00B7 (decimal 183)
   defining Unicode char U+2020 (decimal 8224)
   defining Unicode char U+2021 (decimal 8225)
   defining Unicode char U+2022 (decimal 8226)
)
Now handling font encoding OMX ...
... no UTF-8 mapping file for font encoding OMX
Now handling font encoding U ...
... no UTF-8 mapping file for font encoding U
   defining Unicode char U+00A9 (decimal 169)
   defining Unicode char U+00AA (decimal 170)
   defining Unicode char U+00AE (decimal 174)
   defining Unicode char U+00BA (decimal 186)
   defining Unicode char U+02C6 (decimal 710)
   defining Unicode char U+02DC (decimal 732)
   defining Unicode char U+200C (decimal 8204)
   defining Unicode char U+2026 (decimal 8230)
   defining Unicode char U+2122 (decimal 8482)
   defining Unicode char U+2423 (decimal 9251)
))
("C:\Program Files\MiKTeX 2.9\tex\latex\fancyhdr\fancyhdr.sty"
\fancy@headwidth=\skip43
\f@ncyO@elh=\skip44
\f@ncyO@erh=\skip45
\f@ncyO@olh=\skip46
\f@ncyO@orh=\skip47
\f@ncyO@elf=\skip48
\f@ncyO@erf=\skip49
\f@ncyO@olf=\skip50
\f@ncyO@orf=\skip51
)
("C:\Program Files\MiKTeX 2.9\tex\latex\tools\enumerate.sty"
Package: enumerate 1999/03/05 v3.00 enumerate extensions (DPC)
\@enLab=\toks16
)
("C:\Program Files\MiKTeX 2.9\tex\latex\graphics\graphicx.sty"
Package: graphicx 1999/02/16 v1.0f Enhanced LaTeX Graphics (DPC,SPQR)

("C:\Program Files\MiKTeX 2.9\tex\latex\graphics\keyval.sty"
Package: keyval 1999/03/16 v1.13 key=value parser (DPC)
\KV@toks@=\toks17
)
("C:\Program Files\MiKTeX 2.9\tex\latex\graphics\graphics.sty"
Package: graphics 2009/02/05 v1.0o Standard LaTeX Graphics (DPC,SPQR)

("C:\Program Files\MiKTeX 2.9\tex\latex\graphics\trig.sty"
Package: trig 1999/03/16 v1.09 sin cos tan (DPC)
)
("C:\Program Files\MiKTeX 2.9\tex\latex\00miktex\graphics.cfg"
File: graphics.cfg 2007/01/18 v1.5 graphics configuration of teTeX/TeXLive
)
Package graphics Info: Driver file: pdftex.def on input line 91.

("C:\Program Files\MiKTeX 2.9\tex\latex\pdftex-def\pdftex.def"
File: pdftex.def 2011/05/27 v0.06d Graphics/color for pdfTeX

("C:\Program Files\MiKTeX 2.9\tex\generic\oberdiek\infwarerr.sty"
Package: infwarerr 2010/04/08 v1.3 Providing info/warning/error messages (HO)
)
("C:\Program Files\MiKTeX 2.9\tex\generic\oberdiek\ltxcmds.sty"
Package: ltxcmds 2011/11/09 v1.22 LaTeX kernel commands for general use (HO)
)
\Gread@gobject=\count87
))
\Gin@req@height=\dimen103
\Gin@req@width=\dimen104
)
("C:\Program Files\MiKTeX 2.9\tex\latex\float\float.sty"
Package: float 2001/11/08 v1.3d Float enhancements (AL)
\c@float@type=\count88
\float@exts=\toks18
\float@box=\box26
\@float@everytoks=\toks19
\@floatcapt=\box27
)
\@float@every@table=\toks20

("C:\Program Files\MiKTeX 2.9\tex\latex\url\url.sty"
\Urlmuskip=\muskip10
Package: url 2013/09/16  ver 3.4  Verb mode for urls, etc.
)

Package Fancyhdr Warning: \fancyhfoffset's `E' option without twoside option is
 useless on input line 10.

("C:\Program Files\MiKTeX 2.9\tex\latex\listings\listings.sty"
\lst@mode=\count89
\lst@gtempboxa=\box28
\lst@token=\toks21
\lst@length=\count90
\lst@currlwidth=\dimen105
\lst@column=\count91
\lst@pos=\count92
\lst@lostspace=\dimen106
\lst@width=\dimen107
\lst@newlines=\count93
\lst@lineno=\count94
\lst@maxwidth=\dimen108

("C:\Program Files\MiKTeX 2.9\tex\latex\listings\lstmisc.sty"
File: lstmisc.sty 2013/08/26 1.5b (Carsten Heinz)
\c@lstnumber=\count95
\lst@skipnumbers=\count96
\lst@framebox=\box29
)
("C:\Program Files\MiKTeX 2.9\tex\latex\listings\listings.cfg"
File: listings.cfg 2013/08/26 1.5b listings configuration
))
Package: listings 2013/08/26 1.5b (Carsten Heinz)

("C:\Program Files\MiKTeX 2.9\tex\latex\graphics\color.sty"
Package: color 2005/11/14 v1.0j Standard LaTeX Color (DPC)

("C:\Program Files\MiKTeX 2.9\tex\latex\00miktex\color.cfg"
File: color.cfg 2007/01/18 v1.5 color configuration of teTeX/TeXLive
)
Package color Info: Driver file: pdftex.def on input line 130.
)
("C:\Program Files\MiKTeX 2.9\tex\latex\subfig\subfig.sty"
Package: subfig 2005/06/28 ver: 1.3 subfig package

("C:\Program Files\MiKTeX 2.9\tex\latex\caption\caption.sty"
Package: caption 2015/09/17 v3.3-111 Customizing captions (AR)

("C:\Program Files\MiKTeX 2.9\tex\latex\caption\caption3.sty"
Package: caption3 2015/09/20 v1.7-115 caption3 kernel (AR)
Package caption3 Info: TeX engine: e-TeX on input line 57.
\captionmargin=\dimen109
\captionmargin@=\dimen110
\captionwidth=\dimen111
\caption@tempdima=\dimen112
\caption@indent=\dimen113
\caption@parindent=\dimen114
\caption@hangindent=\dimen115
)
\c@ContinuedFloat=\count97
Package caption Info: float package is loaded.
Package caption Info: listings package is loaded.
)
\c@KVtest=\count98
\sf@farskip=\skip52
\sf@captopadj=\dimen116
\sf@capskip=\skip53
\sf@nearskip=\skip54
\c@subfigure=\count99
\c@subfigure@save=\count100
\c@lofdepth=\count101
\c@subtable=\count102
\c@subtable@save=\count103
\c@lotdepth=\count104
\sf@top=\skip55
\sf@bottom=\skip56
)
("C:\Program Files\MiKTeX 2.9\tex\latex\setspace\setspace.sty"
Package: setspace 2011/12/19 v6.7a set line spacing
)
("C:\Program Files\MiKTeX 2.9\tex\latex\geometry\geometry.sty"
Package: geometry 2010/09/12 v5.6 Page Geometry

("C:\Program Files\MiKTeX 2.9\tex\generic\oberdiek\ifpdf.sty"
Package: ifpdf 2011/01/30 v2.3 Provides the ifpdf switch (HO)
Package ifpdf Info: pdfTeX in PDF mode is detected.
)
("C:\Program Files\MiKTeX 2.9\tex\generic\oberdiek\ifvtex.sty"
Package: ifvtex 2010/03/01 v1.5 Detect VTeX and its facilities (HO)
Package ifvtex Info: VTeX not detected.
)
("C:\Program Files\MiKTeX 2.9\tex\generic\ifxetex\ifxetex.sty"
Package: ifxetex 2010/09/12 v0.6 Provides ifxetex conditional
)
\Gm@cnth=\count105
\Gm@cntv=\count106
\c@Gm@tempcnt=\count107
\Gm@bindingoffset=\dimen117
\Gm@wd@mp=\dimen118
\Gm@odd@mp=\dimen119
\Gm@even@mp=\dimen120
\Gm@layoutwidth=\dimen121
\Gm@layoutheight=\dimen122
\Gm@layouthoffset=\dimen123
\Gm@layoutvoffset=\dimen124
\Gm@dimlist=\toks22

("C:\Program Files\MiKTeX 2.9\tex\latex\geometry\geometry.cfg"))
("C:\Program Files\MiKTeX 2.9\tex\latex\appendix\appendix.sty"
Package: appendix 2009/09/02 v1.2b extra appendix facilities
\c@@pps=\count108
\c@@ppsavesec=\count109
\c@@ppsaveapp=\count110
)
("C:\Users\Ziqiao Charlie Li\Dropbox\PythonFileServer\Report\FinalPaperBlueStre
am.aux")
LaTeX Font Info:    Checking defaults for OML/cmm/m/it on input line 32.
LaTeX Font Info:    ... okay on input line 32.
LaTeX Font Info:    Checking defaults for T1/cmr/m/n on input line 32.
LaTeX Font Info:    ... okay on input line 32.
LaTeX Font Info:    Checking defaults for OT1/cmr/m/n on input line 32.
LaTeX Font Info:    ... okay on input line 32.
LaTeX Font Info:    Checking defaults for OMS/cmsy/m/n on input line 32.
LaTeX Font Info:    ... okay on input line 32.
LaTeX Font Info:    Checking defaults for OMX/cmex/m/n on input line 32.
LaTeX Font Info:    ... okay on input line 32.
LaTeX Font Info:    Checking defaults for U/cmr/m/n on input line 32.
LaTeX Font Info:    ... okay on input line 32.
 ("C:\Program Files\MiKTeX 2.9\tex\context\base\supp-pdf.mkii"
[Loading MPS to PDF converter (version 2006.09.02).]
\scratchcounter=\count111
\scratchdimen=\dimen125
\scratchbox=\box30
\nofMPsegments=\count112
\nofMParguments=\count113
\everyMPshowfont=\toks23
\MPscratchCnt=\count114
\MPscratchDim=\dimen126
\MPnumerator=\count115
\makeMPintoPDFobject=\count116
\everyMPtoPDFconversion=\toks24
)
\c@lstlisting=\count117
Package caption Info: Begin \AtBeginDocument code.
Package caption Info: subfig package v1.3 is loaded.
Package caption Info: End \AtBeginDocument code.

*geometry* driver: auto-detecting
*geometry* detected driver: pdftex
*geometry* verbose mode - [ preamble ] result:
* driver: pdftex
* paper: a4paper
* layout: <same size as paper>
* layoutoffset:(h,v)=(0.0pt,0.0pt)
* modes: 
* h-part:(L,W,R)=(72.26999pt, 452.9679pt, 72.26999pt)
* v-part:(T,H,B)=(72.26999pt, 700.50687pt, 72.26999pt)
* \paperwidth=597.50787pt
* \paperheight=845.04684pt
* \textwidth=452.9679pt
* \textheight=700.50687pt
* \oddsidemargin=0.0pt
* \evensidemargin=0.0pt
* \topmargin=-37.0pt
* \headheight=12.0pt
* \headsep=25.0pt
* \topskip=12.0pt
* \footskip=30.0pt
* \marginparwidth=35.0pt
* \marginparsep=10.0pt
* \columnsep=10.0pt
* \skip\footins=10.8pt plus 4.0pt minus 2.0pt
* \hoffset=0.0pt
* \voffset=0.0pt
* \mag=1000
* \@twocolumnfalse
* \@twosidefalse
* \@mparswitchfalse
* \@reversemarginfalse
* (1in=72.27pt=25.4mm, 1cm=28.453pt)

LaTeX Font Info:    External font `cmex10' loaded for size
(Font)              <14.4> on input line 38.
LaTeX Font Info:    External font `cmex10' loaded for size
(Font)              <7> on input line 38.
[1

{C:/ProgramData/MiKTeX/2.9/pdftex/config/pdftex.map}]
("C:\Users\Ziqiao Charlie Li\Dropbox\PythonFileServer\Report\FinalPaperBlueStre
am.toc"
LaTeX Font Info:    External font `cmex10' loaded for size
(Font)              <12> on input line 2.
LaTeX Font Info:    External font `cmex10' loaded for size
(Font)              <8> on input line 2.
LaTeX Font Info:    External font `cmex10' loaded for size
(Font)              <6> on input line 2.
)
\tf@toc=\write3


Package Fancyhdr Warning: \headheight is too small (12.0pt): 
 Make it at least 14.49998pt.
 We now make it that large for the rest of the document.
 This may cause the page layout to be inconsistent, however.

[2]
Overfull \hbox (7.65788pt too wide) in paragraph at lines 47--48
\OT1/cmr/m/n/12 BlueStream is a mo-bile screen broad-cast-ing an-droid ap-pli-c
a-tion that com-mu-ni-cates through
 []

<Figures/Figure1.png, id=11, 596.2275pt x 374.3586pt>
File: Figures/Figure1.png Graphic file (type png)

<use Figures/Figure1.png>
Package pdftex.def Info: Figures/Figure1.png used on input line 53.
(pdftex.def)             Requested size: 357.73926pt x 224.61688pt.


LaTeX Warning: `!h' float specifier changed to `!ht'.

[3] [4 <C:/Users/Ziqiao Charlie Li/Dropbox/PythonFileServer/Report/Figures/Figu
re1.png>]
Underfull \hbox (badness 10000) in paragraph at lines 68--69

 []


Underfull \hbox (badness 10000) in paragraph at lines 70--71

 []


Underfull \hbox (badness 10000) in paragraph at lines 72--73

 []

[5] [6] <Figures/Figure2.png, id=26, 391.4625pt x 276.5532pt>
File: Figures/Figure2.png Graphic file (type png)

<use Figures/Figure2.png>
Package pdftex.def Info: Figures/Figure2.png used on input line 125.
(pdftex.def)             Requested size: 391.46153pt x 276.55252pt.


LaTeX Warning: `!h' float specifier changed to `!ht'.

[7] [8 <C:/Users/Ziqiao Charlie Li/Dropbox/PythonFileServer/Report/Figures/Figu
re2.png>] <Figures/Figure3.png, id=35, 508.5399pt x 58.7796pt>
File: Figures/Figure3.png Graphic file (type png)

<use Figures/Figure3.png>
Package pdftex.def Info: Figures/Figure3.png used on input line 160.
(pdftex.def)             Requested size: 406.83246pt x 47.02371pt.
 [9 <C:/Users/Ziqiao Charlie Li/Dropbox/PythonFileServer/Report/Figures/Figure3
.png>] [10]
<Figures/Figure4.png, id=44, 365.6862pt x 401.5803pt>
File: Figures/Figure4.png Graphic file (type png)

<use Figures/Figure4.png>
Package pdftex.def Info: Figures/Figure4.png used on input line 199.
(pdftex.def)             Requested size: 255.97859pt x 281.1043pt.
 [11 <C:/Users/Ziqiao Charlie Li/Dropbox/PythonFileServer/Report/Figures/Figure
4.png>] [12]
<Figures/Figure5.png, id=52, 506.8536pt x 58.7796pt>
File: Figures/Figure5.png Graphic file (type png)
 <use Figures/Figure5.png>
Package pdftex.def Info: Figures/Figure5.png used on input line 232.
(pdftex.def)             Requested size: 405.48343pt x 47.02371pt.

[13 <C:/Users/Ziqiao Charlie Li/Dropbox/PythonFileServer/Report/Figures/Figure5
.png>] [14] <Figures/Figure6.png, id=62, 630.355pt x 362.35374pt>
File: Figures/Figure6.png Graphic file (type png)

<use Figures/Figure6.png>
Package pdftex.def Info: Figures/Figure6.png used on input line 272.
(pdftex.def)             Requested size: 441.24548pt x 253.64589pt.


LaTeX Warning: `!h' float specifier changed to `!ht'.

[15] [16 <C:/Users/Ziqiao Charlie Li/Dropbox/PythonFileServer/Report/Figures/Fi
gure6.png (PNG copy)>] <Figures/Figure7.png, id=70, 883.80188pt x 642.90187pt>
File: Figures/Figure7.png Graphic file (type png)

<use Figures/Figure7.png>
Package pdftex.def Info: Figures/Figure7.png used on input line 296.
(pdftex.def)             Requested size: 441.89986pt x 321.45015pt.

Underfull \hbox (badness 10000) in paragraph at lines 301--302

 []


Underfull \hbox (badness 10000) in paragraph at lines 303--304

 []


Underfull \hbox (badness 10000) in paragraph at lines 305--306

 []


Underfull \hbox (badness 10000) in paragraph at lines 307--308

 []

[17 <C:/Users/Ziqiao Charlie Li/Dropbox/PythonFileServer/Report/Figures/Figure7
.png>]
Underfull \hbox (badness 10000) in paragraph at lines 309--310

 []


Overfull \hbox (14.35313pt too wide) in paragraph at lines 321--322
[]\OT1/cmr/m/it/12 Algorithm pream-ble\OT1/cmr/m/n/12 : two de-vices are con-ne
cted through BT and are run-ning BlueStream.
 []

[18] <Figures/Figure8.png, id=77, 535.2798pt x 369.7815pt>
File: Figures/Figure8.png Graphic file (type png)

<use Figures/Figure8.png>
Package pdftex.def Info: Figures/Figure8.png used on input line 347.
(pdftex.def)             Requested size: 267.63924pt x 184.89029pt.


LaTeX Warning: `!h' float specifier changed to `!ht'.


Underfull \hbox (badness 10000) in paragraph at lines 353--354

 []

[19] <Figures/Figure9.png, id=82, 614.295pt x 49.6254pt>
File: Figures/Figure9.png Graphic file (type png)

<use Figures/Figure9.png>
Package pdftex.def Info: Figures/Figure9.png used on input line 359.
(pdftex.def)             Requested size: 430.00356pt x 34.73752pt.

<Figures/Figure10.png, id=83, 362.3136pt x 217.7736pt>
File: Figures/Figure10.png Graphic file (type png)

<use Figures/Figure10.png>
Package pdftex.def Info: Figures/Figure10.png used on input line 368.
(pdftex.def)             Requested size: 362.31271pt x 217.77306pt.


LaTeX Warning: `!h' float specifier changed to `!ht'.

[20 <C:/Users/Ziqiao Charlie Li/Dropbox/PythonFileServer/Report/Figures/Figure8
.png> <C:/Users/Ziqiao Charlie Li/Dropbox/PythonFileServer/Report/Figures/Figur
e9.png>] <Figures/Figure11.png, id=90, 614.295pt x 99.2508pt>
File: Figures/Figure11.png Graphic file (type png)

<use Figures/Figure11.png>
Package pdftex.def Info: Figures/Figure11.png used on input line 377.
(pdftex.def)             Requested size: 430.00356pt x 69.47507pt.

<Figures/Figure12.png, id=91, 1552.6005pt x 122.3772pt>
File: Figures/Figure12.png Graphic file (type png)

<use Figures/Figure12.png>
Package pdftex.def Info: Figures/Figure12.png used on input line 386.
(pdftex.def)             Requested size: 442.49574pt x 34.87785pt.


LaTeX Warning: `!h' float specifier changed to `!ht'.

[21 <C:/Users/Ziqiao Charlie Li/Dropbox/PythonFileServer/Report/Figures/Figure1
0.png> <C:/Users/Ziqiao Charlie Li/Dropbox/PythonFileServer/Report/Figures/Figu
re11.png>] [22 <C:/Users/Ziqiao Charlie Li/Dropbox/PythonFileServer/Report/Figu
res/Figure12.png>] <Figures/Figure13.png, id=101, 614.295pt x 123.8226pt>
File: Figures/Figure13.png Graphic file (type png)

<use Figures/Figure13.png>
Package pdftex.def Info: Figures/Figure13.png used on input line 418.
(pdftex.def)             Requested size: 430.00356pt x 86.67522pt.
 [23]
Overfull \hbox (9.25949pt too wide) in paragraph at lines 425--426
[]\OT1/cmr/m/n/12 In the best case sce-nario, we have found that the main in-te
r-nal bot-tle-neck of BlueStream
 []

[24 <C:/Users/Ziqiao Charlie Li/Dropbox/PythonFileServer/Report/Figures/Figure1
3.png>] <Figures/Figure14.png, id=110, 362.3136pt x 217.7736pt>
File: Figures/Figure14.png Graphic file (type png)

<use Figures/Figure14.png>
Package pdftex.def Info: Figures/Figure14.png used on input line 434.
(pdftex.def)             Requested size: 362.31271pt x 217.77306pt.
 [25 <C:/Users/Ziqiao Charlie Li/Dropbox/PythonFileServer/Report/Figures/Figure
14.png>]
<Figures/Figure15.png, id=116, 806.7741pt x 50.1072pt>
File: Figures/Figure15.png Graphic file (type png)

<use Figures/Figure15.png>
Package pdftex.def Info: Figures/Figure15.png used on input line 444.
(pdftex.def)             Requested size: 443.72713pt x 27.55902pt.

<Figures/Figure16.png, id=117, 362.3136pt x 217.7736pt>
File: Figures/Figure16.png Graphic file (type png)

<use Figures/Figure16.png>
Package pdftex.def Info: Figures/Figure16.png used on input line 454.
(pdftex.def)             Requested size: 362.31271pt x 217.77306pt.

<Figures/Figure17.png, id=118, 362.7954pt x 217.7736pt>
File: Figures/Figure17.png Graphic file (type png)

<use Figures/Figure17.png>
Package pdftex.def Info: Figures/Figure17.png used on input line 463.
(pdftex.def)             Requested size: 362.79451pt x 217.77306pt.


LaTeX Warning: `!h' float specifier changed to `!ht'.

[26 <C:/Users/Ziqiao Charlie Li/Dropbox/PythonFileServer/Report/Figures/Figure1
5.png> <C:/Users/Ziqiao Charlie Li/Dropbox/PythonFileServer/Report/Figures/Figu
re16.png>] <Figures/Figure18.png, id=124, 686.565pt x 575.751pt>
File: Figures/Figure18.png Graphic file (type png)

<use Figures/Figure18.png>
Package pdftex.def Info: Figures/Figure18.png used on input line 474.
(pdftex.def)             Requested size: 343.28166pt x 287.8748pt.


LaTeX Warning: `!h' float specifier changed to `!ht'.

[27 <C:/Users/Ziqiao Charlie Li/Dropbox/PythonFileServer/Report/Figures/Figure1
7.png>] <Figures/Result.png, id=129, 4528.92pt x 1814.78pt>
File: Figures/Result.png Graphic file (type png)

<use Figures/Result.png>
Package pdftex.def Info: Figures/Result.png used on input line 487.
(pdftex.def)             Requested size: 452.91853pt x 181.48863pt.
 [28 <C:/Users/Ziqiao Charlie Li/Dropbox/PythonFileServer/Report/Figures/Figure
18.png> <C:/Users/Ziqiao Charlie Li/Dropbox/PythonFileServer/Report/Figures/Res
ult.png>] [29] [30]

LaTeX Warning: The counter will not be printed.
             The label is: - on input line 511.

[31]
Overfull \hbox (6.23491pt too wide) in paragraph at lines 577--578
$\OT1/cmtt/m/n/12 bluetooth . com / what-[]is-[]bluetooth-[]technology / blueto
oth-[]technology-[]basics /$
 []

[32]
Underfull \hbox (badness 10000) in paragraph at lines 598--602

 []


Underfull \hbox (badness 10000) in paragraph at lines 603--607

 []


Underfull \hbox (badness 10000) in paragraph at lines 608--612

 []


Underfull \hbox (badness 10000) in paragraph at lines 613--617

 []


Underfull \hbox (badness 10000) in paragraph at lines 618--622

 []


Underfull \hbox (badness 10000) in paragraph at lines 623--627

 []

[33] <StatisticalTest/Quality1.png, id=152, 451.9284pt x 50.589pt>
File: StatisticalTest/Quality1.png Graphic file (type png)

<use StatisticalTest/Quality1.png>
Package pdftex.def Info: StatisticalTest/Quality1.png used on input line 637.
(pdftex.def)             Requested size: 406.7318pt x 45.52966pt.

<StatisticalTest/Quality2.png, id=153, 507.8172pt x 67.2111pt>
File: StatisticalTest/Quality2.png Graphic file (type png)

<use StatisticalTest/Quality2.png>
Package pdftex.def Info: StatisticalTest/Quality2.png used on input line 649.
(pdftex.def)             Requested size: 380.86195pt x 50.4082pt.

<StatisticalTest/Quality3.png, id=154, 424.9476pt x 82.1469pt>
File: StatisticalTest/Quality3.png Graphic file (type png)

<use StatisticalTest/Quality3.png>
Package pdftex.def Info: StatisticalTest/Quality3.png used on input line 663.
(pdftex.def)             Requested size: 382.4493pt x 73.9315pt.

<StatisticalTest/Quality4.png, id=155, 427.5975pt x 51.5526pt>
File: StatisticalTest/Quality4.png Graphic file (type png)

<use StatisticalTest/Quality4.png>
Package pdftex.def Info: StatisticalTest/Quality4.png used on input line 678.
(pdftex.def)             Requested size: 384.83418pt x 46.3969pt.


LaTeX Warning: `!h' float specifier changed to `!ht'.

[34 <C:/Users/Ziqiao Charlie Li/Dropbox/PythonFileServer/Report/StatisticalTest
/Quality1.png> <C:/Users/Ziqiao Charlie Li/Dropbox/PythonFileServer/Report/Stat
isticalTest/Quality2.png> <C:/Users/Ziqiao Charlie Li/Dropbox/PythonFileServer/
Report/StatisticalTest/Quality3.png>] [35 <C:/Users/Ziqiao Charlie Li/Dropbox/P
ythonFileServer/Report/StatisticalTest/Quality4.png>]
<StatisticalTest/Distance1.png, id=168, 454.8192pt x 50.3481pt>
File: StatisticalTest/Distance1.png Graphic file (type png)

<use StatisticalTest/Distance1.png>
Package pdftex.def Info: StatisticalTest/Distance1.png used on input line 696.
(pdftex.def)             Requested size: 409.3335pt x 45.31285pt.

<StatisticalTest/Distance2.png, id=169, 507.5763pt x 66.9702pt>
File: StatisticalTest/Distance2.png Graphic file (type png)

<use StatisticalTest/Distance2.png>
Package pdftex.def Info: StatisticalTest/Distance2.png used on input line 708.
(pdftex.def)             Requested size: 456.81444pt x 60.27261pt.

Overfull \hbox (3.84654pt too wide) in paragraph at lines 708--709
 [][] 
 []

<StatisticalTest/Distance3.png, id=170, 414.5889pt x 80.4606pt>
File: StatisticalTest/Distance3.png Graphic file (type png)

<use StatisticalTest/Distance3.png>
Package pdftex.def Info: StatisticalTest/Distance3.png used on input line 722.
(pdftex.def)             Requested size: 373.12656pt x 72.41386pt.

<StatisticalTest/Distance4.png, id=171, 417.4797pt x 50.3481pt>
File: StatisticalTest/Distance4.png Graphic file (type png)

<use StatisticalTest/Distance4.png>
Package pdftex.def Info: StatisticalTest/Distance4.png used on input line 736.
(pdftex.def)             Requested size: 375.72826pt x 45.31285pt.


LaTeX Warning: `!h' float specifier changed to `!ht'.

[36 <C:/Users/Ziqiao Charlie Li/Dropbox/PythonFileServer/Report/StatisticalTest
/Distance1.png> <C:/Users/Ziqiao Charlie Li/Dropbox/PythonFileServer/Report/Sta
tisticalTest/Distance2.png> <C:/Users/Ziqiao Charlie Li/Dropbox/PythonFileServe
r/Report/StatisticalTest/Distance3.png>] [37 <C:/Users/Ziqiao Charlie Li/Dropbo
x/PythonFileServer/Report/StatisticalTest/Distance4.png>]
("C:\Users\Ziqiao Charlie Li\Dropbox\PythonFileServer\Report\FinalPaperBlueStre
am.aux") ) 
Here is how much of TeX's memory you used:
 4992 strings out of 493921
 74643 string characters out of 3147247
 137810 words of memory out of 3000000
 8215 multiletter control sequences out of 15000+200000
 9930 words of font info for 35 fonts, out of 3000000 for 9000
 841 hyphenation exceptions out of 8191
 44i,12n,43p,1764b,331s stack positions out of 5000i,500n,10000p,200000b,50000s
<C:/Program Files/MiKTeX 2.9/fonts/type1/public/amsfonts/cm/cmbx12.pf
b><C:/Program Files/MiKTeX 2.9/fonts/type1/public/amsfonts/cm/cmmi12.pfb><C:/Pr
ogram Files/MiKTeX 2.9/fonts/type1/public/amsfonts/cm/cmmi6.pfb><C:/Program Fil
es/MiKTeX 2.9/fonts/type1/public/amsfonts/cm/cmmi8.pfb><C:/Program Files/MiKTeX
 2.9/fonts/type1/public/amsfonts/cm/cmr12.pfb><C:/Program Files/MiKTeX 2.9/font
s/type1/public/amsfonts/cm/cmr17.pfb><C:/Program Files/MiKTeX 2.9/fonts/type1/p
ublic/amsfonts/cm/cmr6.pfb><C:/Program Files/MiKTeX 2.9/fonts/type1/public/amsf
onts/cm/cmr8.pfb><C:/Program Files/MiKTeX 2.9/fonts/type1/public/amsfonts/cm/cm
sy10.pfb><C:/Program Files/MiKTeX 2.9/fonts/type1/public/amsfonts/cm/cmti12.pfb
><C:/Program Files/MiKTeX 2.9/fonts/type1/public/amsfonts/cm/cmtt12.pfb>
Output written on FinalPaperBlueStream.pdf (37 pages, 5270820 bytes).
PDF statistics:
 220 PDF objects out of 1000 (max. 8388607)
 0 named destinations out of 1000 (max. 500000)
 136 words of extra memory for PDF output out of 10000 (max. 10000000)

